<?xml version="1.0" encoding="UTF-8"?>
<coverage generated="1687472759874" clover="3.2.0">
  <project timestamp="1687472759874" name="All files">
    <metrics statements="51" coveredstatements="51" conditionals="20" coveredconditionals="18" methods="18" coveredmethods="18" elements="89" coveredelements="87" complexity="0" loc="51" ncloc="51" packages="6" files="6" classes="6"/>
    <package name="check-for-matches">
      <metrics statements="7" coveredstatements="7" conditionals="0" coveredconditionals="0" methods="3" coveredmethods="3"/>
      <file name="index.ts" path="E:\Web Projects\_CLIENTS\DAYMADE\src\utility\check-for-matches\index.ts">
        <metrics statements="7" coveredstatements="7" conditionals="0" coveredconditionals="0" methods="3" coveredmethods="3"/>
        <line num="10" count="1" type="stmt"/>
        <line num="11" count="2" type="stmt"/>
        <line num="12" count="4" type="stmt"/>
        <line num="13" count="4" type="stmt"/>
        <line num="14" count="12" type="stmt"/>
        <line num="16" count="4" type="stmt"/>
        <line num="18" count="2" type="stmt"/>
      </file>
    </package>
    <package name="get-draw-by-name">
      <metrics statements="6" coveredstatements="6" conditionals="1" coveredconditionals="1" methods="1" coveredmethods="1"/>
      <file name="index.ts" path="E:\Web Projects\_CLIENTS\DAYMADE\src\utility\get-draw-by-name\index.ts">
        <metrics statements="6" coveredstatements="6" conditionals="1" coveredconditionals="1" methods="1" coveredmethods="1"/>
        <line num="2" count="1" type="stmt"/>
        <line num="13" count="1" type="stmt"/>
        <line num="14" count="2" type="stmt"/>
        <line num="17" count="2" type="cond" truecount="1" falsecount="0"/>
        <line num="18" count="1" type="stmt"/>
        <line num="23" count="1" type="stmt"/>
      </file>
    </package>
    <package name="map-matches-to-prizes">
      <metrics statements="4" coveredstatements="4" conditionals="6" coveredconditionals="5" methods="3" coveredmethods="3"/>
      <file name="map-matches-to-prizes.ts" path="E:\Web Projects\_CLIENTS\DAYMADE\src\utility\map-matches-to-prizes\map-matches-to-prizes.ts">
        <metrics statements="4" coveredstatements="4" conditionals="6" coveredconditionals="5" methods="3" coveredmethods="3"/>
        <line num="11" count="1" type="stmt"/>
        <line num="12" count="2" type="stmt"/>
        <line num="14" count="2" type="cond" truecount="3" falsecount="1"/>
        <line num="17" count="2" type="cond" truecount="2" falsecount="0"/>
      </file>
    </package>
    <package name="print-results">
      <metrics statements="9" coveredstatements="9" conditionals="5" coveredconditionals="4" methods="2" coveredmethods="2"/>
      <file name="index.ts" path="E:\Web Projects\_CLIENTS\DAYMADE\src\utility\print-results\index.ts">
        <metrics statements="9" coveredstatements="9" conditionals="5" coveredconditionals="4" methods="2" coveredmethods="2"/>
        <line num="17" count="1" type="stmt"/>
        <line num="19" count="3" type="cond" truecount="3" falsecount="0"/>
        <line num="20" count="1" type="stmt"/>
        <line num="21" count="1" type="stmt"/>
        <line num="25" count="2" type="stmt"/>
        <line num="26" count="2" type="stmt"/>
        <line num="31" count="2" type="stmt"/>
        <line num="33" count="2" type="stmt"/>
        <line num="39" count="2" type="stmt"/>
      </file>
    </package>
    <package name="split-array-to-pools">
      <metrics statements="11" coveredstatements="11" conditionals="1" coveredconditionals="1" methods="4" coveredmethods="4"/>
      <file name="index.ts" path="E:\Web Projects\_CLIENTS\DAYMADE\src\utility\split-array-to-pools\index.ts">
        <metrics statements="11" coveredstatements="11" conditionals="1" coveredconditionals="1" methods="4" coveredmethods="4"/>
        <line num="11" count="1" type="stmt"/>
        <line num="13" count="6" type="stmt"/>
        <line num="15" count="6" type="stmt"/>
        <line num="18" count="2" type="cond" truecount="1" falsecount="0"/>
        <line num="19" count="1" type="stmt"/>
        <line num="24" count="1" type="stmt"/>
        <line num="27" count="1" type="stmt"/>
        <line num="28" count="3" type="stmt"/>
        <line num="29" count="3" type="stmt"/>
        <line num="30" count="3" type="stmt"/>
        <line num="34" count="1" type="stmt"/>
      </file>
    </package>
    <package name="validate-tickets">
      <metrics statements="14" coveredstatements="14" conditionals="7" coveredconditionals="7" methods="5" coveredmethods="5"/>
      <file name="index.ts" path="E:\Web Projects\_CLIENTS\DAYMADE\src\utility\validate-tickets\index.ts">
        <metrics statements="14" coveredstatements="14" conditionals="7" coveredconditionals="7" methods="5" coveredmethods="5"/>
        <line num="9" count="1" type="stmt"/>
        <line num="10" count="4" type="stmt"/>
        <line num="11" count="7" type="stmt"/>
        <line num="12" count="7" type="stmt"/>
        <line num="13" count="24" type="cond" truecount="2" falsecount="0"/>
        <line num="14" count="24" type="stmt"/>
        <line num="18" count="4" type="stmt"/>
        <line num="19" count="7" type="stmt"/>
        <line num="20" count="7" type="stmt"/>
        <line num="23" count="4" type="stmt"/>
        <line num="24" count="7" type="stmt"/>
        <line num="25" count="7" type="stmt"/>
        <line num="28" count="4" type="cond" truecount="3" falsecount="0"/>
        <line num="29" count="4" type="cond" truecount="2" falsecount="0"/>
      </file>
    </package>
  </project>
</coverage>
