{"E:\\Web Projects\\_CLIENTS\\DAYMADE\\src\\utility\\check-for-matches\\index.ts": {"path":"E:\\Web Projects\\_CLIENTS\\DAYMADE\\src\\utility\\check-for-matches\\index.ts","statementMap":{"0":{"start":{"line":10,"column":48},"end":{"line":19,"column":1}},"1":{"start":{"line":11,"column":18},"end":{"line":17,"column":4}},"2":{"start":{"line":12,"column":23},"end":{"line":12,"column":36}},"3":{"start":{"line":13,"column":24},"end":{"line":14,"column":null}},"4":{"start":{"line":14,"column":6},"end":{"line":14,"column":39}},"5":{"start":{"line":16,"column":4},"end":{"line":16,"column":null}},"6":{"start":{"line":18,"column":2},"end":{"line":18,"column":null}},"7":{"start":{"line":10,"column":13},"end":{"line":10,"column":48}}},"fnMap":{"0":{"name":"(anonymous_0)","decl":{"start":{"line":10,"column":48},"end":{"line":10,"column":49}},"loc":{"start":{"line":10,"column":67},"end":{"line":19,"column":1}}},"1":{"name":"(anonymous_1)","decl":{"start":{"line":11,"column":29},"end":{"line":11,"column":30}},"loc":{"start":{"line":11,"column":51},"end":{"line":17,"column":3}}},"2":{"name":"(anonymous_2)","decl":{"start":{"line":13,"column":42},"end":{"line":13,"column":43}},"loc":{"start":{"line":14,"column":6},"end":{"line":14,"column":39}}}},"branchMap":{},"s":{"0":1,"1":2,"2":4,"3":4,"4":12,"5":4,"6":2,"7":1},"f":{"0":2,"1":4,"2":12},"b":{}}
,"E:\\Web Projects\\_CLIENTS\\DAYMADE\\src\\utility\\get-draw-by-name\\index.ts": {"path":"E:\\Web Projects\\_CLIENTS\\DAYMADE\\src\\utility\\get-draw-by-name\\index.ts","statementMap":{"0":{"start":{"line":2,"column":0},"end":{"line":2,"column":31}},"1":{"start":{"line":13,"column":44},"end":{"line":24,"column":1}},"2":{"start":{"line":14,"column":15},"end":{"line":14,"column":31}},"3":{"start":{"line":17,"column":2},"end":{"line":21,"column":null}},"4":{"start":{"line":18,"column":4},"end":{"line":20,"column":null}},"5":{"start":{"line":23,"column":2},"end":{"line":23,"column":null}},"6":{"start":{"line":13,"column":13},"end":{"line":13,"column":44}}},"fnMap":{"0":{"name":"(anonymous_1)","decl":{"start":{"line":13,"column":44},"end":{"line":13,"column":45}},"loc":{"start":{"line":13,"column":58},"end":{"line":24,"column":1}}}},"branchMap":{"0":{"loc":{"start":{"line":17,"column":2},"end":{"line":21,"column":null}},"type":"if","locations":[{"start":{"line":17,"column":2},"end":{"line":21,"column":null}}]}},"s":{"0":1,"1":1,"2":2,"3":2,"4":1,"5":1,"6":1},"f":{"0":2},"b":{"0":[1]}}
,"E:\\Web Projects\\_CLIENTS\\DAYMADE\\src\\utility\\map-matches-to-prizes\\map-matches-to-prizes.ts": {"path":"E:\\Web Projects\\_CLIENTS\\DAYMADE\\src\\utility\\map-matches-to-prizes\\map-matches-to-prizes.ts","statementMap":{"0":{"start":{"line":11,"column":54},"end":{"line":18,"column":1}},"1":{"start":{"line":12,"column":24},"end":{"line":15,"column":4}},"2":{"start":{"line":14,"column":4},"end":{"line":14,"column":null}},"3":{"start":{"line":14,"column":49},"end":{"line":14,"column":82}},"4":{"start":{"line":17,"column":2},"end":{"line":17,"column":null}},"5":{"start":{"line":11,"column":13},"end":{"line":11,"column":54}}},"fnMap":{"0":{"name":"(anonymous_0)","decl":{"start":{"line":11,"column":54},"end":{"line":11,"column":55}},"loc":{"start":{"line":11,"column":72},"end":{"line":18,"column":1}}},"1":{"name":"(anonymous_1)","decl":{"start":{"line":12,"column":43},"end":{"line":12,"column":44}},"loc":{"start":{"line":12,"column":53},"end":{"line":15,"column":3}}},"2":{"name":"(anonymous_2)","decl":{"start":{"line":14,"column":31},"end":{"line":14,"column":32}},"loc":{"start":{"line":14,"column":48},"end":{"line":14,"column":82}}}},"branchMap":{"0":{"loc":{"start":{"line":14,"column":59},"end":{"line":14,"column":81}},"type":"cond-expr","locations":[{"start":{"line":14,"column":73},"end":{"line":14,"column":75}},{"start":{"line":14,"column":73},"end":{"line":14,"column":81}}]},"1":{"loc":{"start":{"line":14,"column":59},"end":{"line":14,"column":75}},"type":"binary-expr","locations":[{"start":{"line":14,"column":59},"end":{"line":14,"column":75}},{"start":{"line":14,"column":73},"end":{"line":14,"column":75}}]},"2":{"loc":{"start":{"line":17,"column":9},"end":{"line":17,"column":56}},"type":"cond-expr","locations":[{"start":{"line":17,"column":36},"end":{"line":17,"column":49}},{"start":{"line":17,"column":52},"end":{"line":17,"column":56}}]}},"s":{"0":1,"1":2,"2":2,"3":2,"4":2,"5":1},"f":{"0":2,"1":2,"2":2},"b":{"0":[0,2],"1":[2,2],"2":[1,1]}}
,"E:\\Web Projects\\_CLIENTS\\DAYMADE\\src\\utility\\print-results\\index.ts": {"path":"E:\\Web Projects\\_CLIENTS\\DAYMADE\\src\\utility\\print-results\\index.ts","statementMap":{"0":{"start":{"line":17,"column":42},"end":{"line":41,"column":1}},"1":{"start":{"line":19,"column":2},"end":{"line":22,"column":null}},"2":{"start":{"line":20,"column":4},"end":{"line":20,"column":null}},"3":{"start":{"line":21,"column":4},"end":{"line":21,"column":10}},"4":{"start":{"line":25,"column":2},"end":{"line":40,"column":null}},"5":{"start":{"line":26,"column":4},"end":{"line":28,"column":null}},"6":{"start":{"line":31,"column":25},"end":{"line":37,"column":20}},"7":{"start":{"line":33,"column":8},"end":{"line":35,"column":null}},"8":{"start":{"line":39,"column":4},"end":{"line":39,"column":null}},"9":{"start":{"line":17,"column":13},"end":{"line":17,"column":42}}},"fnMap":{"0":{"name":"(anonymous_0)","decl":{"start":{"line":17,"column":42},"end":{"line":17,"column":43}},"loc":{"start":{"line":17,"column":81},"end":{"line":41,"column":1}}},"1":{"name":"(anonymous_1)","decl":{"start":{"line":32,"column":11},"end":{"line":32,"column":12}},"loc":{"start":{"line":32,"column":28},"end":{"line":36,"column":7}}}},"branchMap":{"0":{"loc":{"start":{"line":19,"column":2},"end":{"line":22,"column":null}},"type":"if","locations":[{"start":{"line":19,"column":2},"end":{"line":22,"column":null}}]},"1":{"loc":{"start":{"line":19,"column":6},"end":{"line":19,"column":34}},"type":"binary-expr","locations":[{"start":{"line":19,"column":6},"end":{"line":19,"column":12}},{"start":{"line":19,"column":16},"end":{"line":19,"column":34}}]},"2":{"loc":{"start":{"line":34,"column":10},"end":{"line":34,"column":null}},"type":"binary-expr","locations":[{"start":{"line":34,"column":10},"end":{"line":34,"column":28}},{"start":{"line":34,"column":32},"end":{"line":34,"column":null}}]}},"s":{"0":1,"1":3,"2":1,"3":1,"4":2,"5":2,"6":2,"7":2,"8":2,"9":1},"f":{"0":3,"1":2},"b":{"0":[1],"1":[3,2],"2":[2,0]}}
,"E:\\Web Projects\\_CLIENTS\\DAYMADE\\src\\utility\\split-array-to-pools\\index.ts": {"path":"E:\\Web Projects\\_CLIENTS\\DAYMADE\\src\\utility\\split-array-to-pools\\index.ts","statementMap":{"0":{"start":{"line":11,"column":52},"end":{"line":35,"column":1}},"1":{"start":{"line":13,"column":22},"end":{"line":13,"column":54}},"2":{"start":{"line":13,"column":42},"end":{"line":13,"column":53}},"3":{"start":{"line":15,"column":26},"end":{"line":15,"column":64}},"4":{"start":{"line":15,"column":55},"end":{"line":15,"column":60}},"5":{"start":{"line":18,"column":2},"end":{"line":22,"column":null}},"6":{"start":{"line":19,"column":4},"end":{"line":21,"column":null}},"7":{"start":{"line":24,"column":23},"end":{"line":24,"column":24}},"8":{"start":{"line":27,"column":24},"end":{"line":31,"column":4}},"9":{"start":{"line":28,"column":24},"end":{"line":28,"column":82}},"10":{"start":{"line":29,"column":4},"end":{"line":29,"column":null}},"11":{"start":{"line":30,"column":4},"end":{"line":30,"column":null}},"12":{"start":{"line":34,"column":2},"end":{"line":34,"column":null}},"13":{"start":{"line":11,"column":13},"end":{"line":11,"column":52}}},"fnMap":{"0":{"name":"(anonymous_0)","decl":{"start":{"line":11,"column":52},"end":{"line":11,"column":53}},"loc":{"start":{"line":11,"column":70},"end":{"line":35,"column":1}}},"1":{"name":"(anonymous_1)","decl":{"start":{"line":13,"column":32},"end":{"line":13,"column":33}},"loc":{"start":{"line":13,"column":42},"end":{"line":13,"column":53}}},"2":{"name":"(anonymous_2)","decl":{"start":{"line":15,"column":45},"end":{"line":15,"column":46}},"loc":{"start":{"line":15,"column":55},"end":{"line":15,"column":60}}},"3":{"name":"(anonymous_3)","decl":{"start":{"line":27,"column":34},"end":{"line":27,"column":35}},"loc":{"start":{"line":27,"column":43},"end":{"line":31,"column":3}}}},"branchMap":{"0":{"loc":{"start":{"line":18,"column":2},"end":{"line":22,"column":null}},"type":"if","locations":[{"start":{"line":18,"column":2},"end":{"line":22,"column":null}}]}},"s":{"0":1,"1":2,"2":6,"3":2,"4":6,"5":2,"6":1,"7":1,"8":1,"9":3,"10":3,"11":3,"12":1,"13":1},"f":{"0":2,"1":6,"2":6,"3":3},"b":{"0":[1]}}
,"E:\\Web Projects\\_CLIENTS\\DAYMADE\\src\\utility\\validate-tickets\\index.ts": {"path":"E:\\Web Projects\\_CLIENTS\\DAYMADE\\src\\utility\\validate-tickets\\index.ts","statementMap":{"0":{"start":{"line":9,"column":30},"end":{"line":30,"column":1}},"1":{"start":{"line":10,"column":21},"end":{"line":16,"column":4}},"2":{"start":{"line":11,"column":23},"end":{"line":11,"column":31}},"3":{"start":{"line":12,"column":4},"end":{"line":15,"column":null}},"4":{"start":{"line":13,"column":28},"end":{"line":13,"column":80}},"5":{"start":{"line":14,"column":6},"end":{"line":14,"column":null}},"6":{"start":{"line":18,"column":27},"end":{"line":21,"column":4}},"7":{"start":{"line":19,"column":23},"end":{"line":19,"column":31}},"8":{"start":{"line":20,"column":4},"end":{"line":20,"column":null}},"9":{"start":{"line":23,"column":26},"end":{"line":26,"column":4}},"10":{"start":{"line":24,"column":24},"end":{"line":24,"column":42}},"11":{"start":{"line":25,"column":4},"end":{"line":25,"column":null}},"12":{"start":{"line":28,"column":18},"end":{"line":28,"column":67}},"13":{"start":{"line":29,"column":2},"end":{"line":29,"column":null}},"14":{"start":{"line":9,"column":13},"end":{"line":9,"column":30}}},"fnMap":{"0":{"name":"(anonymous_0)","decl":{"start":{"line":9,"column":30},"end":{"line":9,"column":31}},"loc":{"start":{"line":9,"column":81},"end":{"line":30,"column":1}}},"1":{"name":"(anonymous_1)","decl":{"start":{"line":10,"column":38},"end":{"line":10,"column":39}},"loc":{"start":{"line":10,"column":50},"end":{"line":16,"column":3}}},"2":{"name":"(anonymous_2)","decl":{"start":{"line":12,"column":22},"end":{"line":12,"column":23}},"loc":{"start":{"line":12,"column":33},"end":{"line":15,"column":5}}},"3":{"name":"(anonymous_3)","decl":{"start":{"line":18,"column":44},"end":{"line":18,"column":45}},"loc":{"start":{"line":18,"column":56},"end":{"line":21,"column":3}}},"4":{"name":"(anonymous_4)","decl":{"start":{"line":23,"column":43},"end":{"line":23,"column":44}},"loc":{"start":{"line":23,"column":55},"end":{"line":26,"column":3}}}},"branchMap":{"0":{"loc":{"start":{"line":13,"column":28},"end":{"line":13,"column":80}},"type":"binary-expr","locations":[{"start":{"line":13,"column":28},"end":{"line":13,"column":52}},{"start":{"line":13,"column":56},"end":{"line":13,"column":80}}]},"1":{"loc":{"start":{"line":28,"column":18},"end":{"line":28,"column":67}},"type":"binary-expr","locations":[{"start":{"line":28,"column":18},"end":{"line":28,"column":28}},{"start":{"line":28,"column":32},"end":{"line":28,"column":48}},{"start":{"line":28,"column":52},"end":{"line":28,"column":67}}]},"2":{"loc":{"start":{"line":29,"column":9},"end":{"line":29,"column":31}},"type":"cond-expr","locations":[{"start":{"line":29,"column":19},"end":{"line":29,"column":23}},{"start":{"line":29,"column":26},"end":{"line":29,"column":31}}]}},"s":{"0":1,"1":4,"2":7,"3":7,"4":24,"5":24,"6":4,"7":7,"8":7,"9":4,"10":7,"11":7,"12":4,"13":4,"14":1},"f":{"0":4,"1":7,"2":24,"3":7,"4":7},"b":{"0":[24,24],"1":[4,3,2],"2":[1,3]}}
}
