TN:
SF:src\utility\check-for-matches\index.ts
FN:10,(anonymous_0)
FN:11,(anonymous_1)
FN:13,(anonymous_2)
FNF:3
FNH:3
FNDA:2,(anonymous_0)
FNDA:4,(anonymous_1)
FNDA:12,(anonymous_2)
DA:10,1
DA:11,2
DA:12,4
DA:13,4
DA:14,12
DA:16,4
DA:18,2
LF:7
LH:7
BRF:0
BRH:0
end_of_record
TN:
SF:src\utility\get-draw-by-name\index.ts
FN:13,(anonymous_1)
FNF:1
FNH:1
FNDA:2,(anonymous_1)
DA:2,1
DA:13,1
DA:14,2
DA:17,2
DA:18,1
DA:23,1
LF:6
LH:6
BRDA:17,0,0,1
BRF:1
BRH:1
end_of_record
TN:
SF:src\utility\map-matches-to-prizes\map-matches-to-prizes.ts
FN:11,(anonymous_0)
FN:12,(anonymous_1)
FN:14,(anonymous_2)
FNF:3
FNH:3
FNDA:2,(anonymous_0)
FNDA:2,(anonymous_1)
FNDA:2,(anonymous_2)
DA:11,1
DA:12,2
DA:14,2
DA:17,2
LF:4
LH:4
BRDA:14,0,0,0
BRDA:14,0,1,2
BRDA:14,1,0,2
BRDA:14,1,1,2
BRDA:17,2,0,1
BRDA:17,2,1,1
BRF:6
BRH:5
end_of_record
TN:
SF:src\utility\print-results\index.ts
FN:17,(anonymous_0)
FN:32,(anonymous_1)
FNF:2
FNH:2
FNDA:3,(anonymous_0)
FNDA:2,(anonymous_1)
DA:17,1
DA:19,3
DA:20,1
DA:21,1
DA:25,2
DA:26,2
DA:31,2
DA:33,2
DA:39,2
LF:9
LH:9
BRDA:19,0,0,1
BRDA:19,1,0,3
BRDA:19,1,1,2
BRDA:34,2,0,2
BRDA:34,2,1,0
BRF:5
BRH:4
end_of_record
TN:
SF:src\utility\split-array-to-pools\index.ts
FN:11,(anonymous_0)
FN:13,(anonymous_1)
FN:15,(anonymous_2)
FN:27,(anonymous_3)
FNF:4
FNH:4
FNDA:2,(anonymous_0)
FNDA:6,(anonymous_1)
FNDA:6,(anonymous_2)
FNDA:3,(anonymous_3)
DA:11,1
DA:13,6
DA:15,6
DA:18,2
DA:19,1
DA:24,1
DA:27,1
DA:28,3
DA:29,3
DA:30,3
DA:34,1
LF:11
LH:11
BRDA:18,0,0,1
BRF:1
BRH:1
end_of_record
TN:
SF:src\utility\validate-tickets\index.ts
FN:9,(anonymous_0)
FN:10,(anonymous_1)
FN:12,(anonymous_2)
FN:18,(anonymous_3)
FN:23,(anonymous_4)
FNF:5
FNH:5
FNDA:4,(anonymous_0)
FNDA:7,(anonymous_1)
FNDA:24,(anonymous_2)
FNDA:7,(anonymous_3)
FNDA:7,(anonymous_4)
DA:9,1
DA:10,4
DA:11,7
DA:12,7
DA:13,24
DA:14,24
DA:18,4
DA:19,7
DA:20,7
DA:23,4
DA:24,7
DA:25,7
DA:28,4
DA:29,4
LF:14
LH:14
BRDA:13,0,0,24
BRDA:13,0,1,24
BRDA:28,1,0,4
BRDA:28,1,1,3
BRDA:28,1,2,2
BRDA:29,2,0,1
BRDA:29,2,1,3
BRF:7
BRH:7
end_of_record
